<?xml version="1.0" encoding="UTF-8"?>
<!-- Generated by org.testng.reporters.JUnitReportReporter -->
<testsuite hostname="PT1005MLT.local" name="SampleTests.TestGetCalls" tests="1" failures="0" timestamp="1 Apr 2018 18:38:42 GMT" time="2.794" errors="0">
  <testcase name="testGetCallWithQueryParameters" time="2.794" classname="SampleTests.TestGetCalls"/>
</testsuite> <!-- SampleTests.TestGetCalls -->
