<?xml version="1.0" encoding="UTF-8"?>
<!-- Generated by org.testng.reporters.JUnitReportReporter -->
<testsuite hostname="PT1005MLT.local" name="SampleTests.BasicTests" tests="1" failures="0" timestamp="1 Apr 2018 16:45:32 GMT" time="2.664" errors="0">
  <testcase name="whenRequestGet_thenOK" time="2.664" classname="SampleTests.BasicTests"/>
</testsuite> <!-- SampleTests.BasicTests -->
